[ 2016-04-20T11:38:11+08:00 ] 127.0.0.1 /index.php/top.html
INFO: [ app_init ] --START--
INFO: Run Behavior\BuildLiteBehavior [ RunTime:0.000043s ]
INFO: [ app_init ] --END-- [ RunTime:0.010693s ]
ERR: 无法加载模块:Top

[ 2016-04-20T11:38:11+08:00 ] 127.0.0.1 /index.php/down.html
INFO: [ app_init ] --START--
INFO: Run Behavior\BuildLiteBehavior [ RunTime:0.000044s ]
INFO: [ app_init ] --END-- [ RunTime:0.001152s ]
ERR: 无法加载模块:Down

[ 2016-04-20T11:38:11+08:00 ] 127.0.0.1 /index.php/center.html
INFO: [ app_init ] --START--
INFO: Run Behavior\BuildLiteBehavior [ RunTime:0.000044s ]
INFO: [ app_init ] --END-- [ RunTime:0.001370s ]
ERR: 无法加载模块:Center

[ 2016-04-20T11:38:35+08:00 ] 127.0.0.1 /index.php/top.html
INFO: [ app_init ] --START--
INFO: Run Behavior\BuildLiteBehavior [ RunTime:0.000039s ]
INFO: [ app_init ] --END-- [ RunTime:0.001114s ]
ERR: 无法加载模块:Top

[ 2016-04-20T11:38:35+08:00 ] 127.0.0.1 /index.php/center.html
INFO: [ app_init ] --START--
INFO: Run Behavior\BuildLiteBehavior [ RunTime:0.000040s ]
INFO: [ app_init ] --END-- [ RunTime:0.002447s ]
ERR: 无法加载模块:Center

[ 2016-04-20T11:38:35+08:00 ] 127.0.0.1 /index.php/down.html
INFO: [ app_init ] --START--
INFO: Run Behavior\BuildLiteBehavior [ RunTime:0.000172s ]
INFO: [ app_init ] --END-- [ RunTime:0.001665s ]
ERR: 无法加载模块:Down

[ 2016-04-20T11:45:02+08:00 ] 127.0.0.1 /index.php/center.html
INFO: [ app_init ] --START--
INFO: Run Behavior\BuildLiteBehavior [ RunTime:0.000037s ]
INFO: [ app_init ] --END-- [ RunTime:0.001179s ]
ERR: 无法加载模块:Center

[ 2016-04-20T11:45:02+08:00 ] 127.0.0.1 /index.php/down.html
INFO: [ app_init ] --START--
INFO: Run Behavior\BuildLiteBehavior [ RunTime:0.000029s ]
INFO: [ app_init ] --END-- [ RunTime:0.000944s ]
ERR: 无法加载模块:Down

