[ 2016-04-20T10:22:39+08:00 ] 127.0.0.1 /index.php/Home/Index/style/base.css
ERR: 非法操作:style

[ 2016-04-20T10:22:39+08:00 ] 127.0.0.1 /index.php/Home/Index/style/bottomnav.css
ERR: 非法操作:style

[ 2016-04-20T10:22:39+08:00 ] 127.0.0.1 /index.php/Home/Index/style/header.css
ERR: 非法操作:style

[ 2016-04-20T10:22:39+08:00 ] 127.0.0.1 /index.php/Home/Index/style/index.css
ERR: 非法操作:style

[ 2016-04-20T10:22:39+08:00 ] 127.0.0.1 /index.php/Home/Index/js/header.js
ERR: 非法操作:js

[ 2016-04-20T10:22:39+08:00 ] 127.0.0.1 /index.php/Home/Index/style/global.css
ERR: 非法操作:style

[ 2016-04-20T10:22:39+08:00 ] 127.0.0.1 /index.php/Home/Index/style/footer.css
ERR: 非法操作:style

[ 2016-04-20T10:22:39+08:00 ] 127.0.0.1 /index.php/Home/Index/js/jquery-1.8.3.min.js
ERR: 非法操作:js

[ 2016-04-20T10:22:39+08:00 ] 127.0.0.1 /index.php/Home/Index/js/index.js
ERR: 非法操作:js

[ 2016-04-20T10:22:40+08:00 ] 127.0.0.1 /index.php/Home/Index/js/header.js
ERR: 非法操作:js

[ 2016-04-20T10:22:40+08:00 ] 127.0.0.1 /index.php/Home/Index/js/index.js
ERR: 非法操作:js

[ 2016-04-20T10:32:31+08:00 ] 127.0.0.1 /index.php/Home/Index/js/jquery-1.8.3.min.js
ERR: 非法操作:js

[ 2016-04-20T10:32:31+08:00 ] 127.0.0.1 /index.php/Home/Index/js/index.js
ERR: 非法操作:js

[ 2016-04-20T10:32:31+08:00 ] 127.0.0.1 /index.php/Home/Index/js/header.js
ERR: 非法操作:js

[ 2016-04-20T10:32:31+08:00 ] 127.0.0.1 /index.php/Home/Index/js/index.js
ERR: 非法操作:js

[ 2016-04-20T11:53:05+08:00 ] 127.0.0.1 /index.php/Home/User/login
INFO: [ app_init ] --START--
INFO: Run Behavior\BuildLiteBehavior [ RunTime:0.000040s ]
INFO: [ app_init ] --END-- [ RunTime:0.001032s ]
INFO: [ app_begin ] --START--
INFO: Run Behavior\ReadHtmlCacheBehavior [ RunTime:0.001321s ]
INFO: [ app_begin ] --END-- [ RunTime:0.001489s ]
INFO: [ view_parse ] --START--
INFO: [ template_filter ] --START--
INFO: Run Behavior\ContentReplaceBehavior [ RunTime:0.000097s ]
INFO: [ template_filter ] --END-- [ RunTime:0.000217s ]
INFO: Run Behavior\ParseTemplateBehavior [ RunTime:0.022230s ]
INFO: [ view_parse ] --END-- [ RunTime:0.022396s ]
INFO: [ view_filter ] --START--
INFO: Run Behavior\WriteHtmlCacheBehavior [ RunTime:0.000561s ]
INFO: [ view_filter ] --END-- [ RunTime:0.000672s ]
INFO: [ app_end ] --START--
INFO: Run Behavior\ShowPageTraceBehavior [ RunTime:0.000966s ]
INFO: [ app_end ] --END-- [ RunTime:0.001088s ]

[ 2016-04-20T11:53:09+08:00 ] 127.0.0.1 /index.php/Home/User/login.html
INFO: [ app_init ] --START--
INFO: Run Behavior\BuildLiteBehavior [ RunTime:0.000029s ]
INFO: [ app_init ] --END-- [ RunTime:0.001319s ]
INFO: [ app_begin ] --START--
INFO: Run Behavior\ReadHtmlCacheBehavior [ RunTime:0.001383s ]
INFO: [ app_begin ] --END-- [ RunTime:0.001538s ]
INFO: [ view_parse ] --START--
INFO: [ template_filter ] --START--
INFO: Run Behavior\ContentReplaceBehavior [ RunTime:0.000111s ]
INFO: [ template_filter ] --END-- [ RunTime:0.000248s ]
INFO: Run Behavior\ParseTemplateBehavior [ RunTime:0.014945s ]
INFO: [ view_parse ] --END-- [ RunTime:0.015105s ]
INFO: [ view_filter ] --START--
INFO: Run Behavior\WriteHtmlCacheBehavior [ RunTime:0.000700s ]
INFO: [ view_filter ] --END-- [ RunTime:0.000840s ]
INFO: [ app_end ] --START--
INFO: Run Behavior\ShowPageTraceBehavior [ RunTime:0.001277s ]
INFO: [ app_end ] --END-- [ RunTime:0.001423s ]

[ 2016-04-20T14:58:35+08:00 ] 127.0.0.1 /
INFO: [ app_init ] --START--
INFO: Run Behavior\BuildLiteBehavior [ RunTime:0.000028s ]
INFO: [ app_init ] --END-- [ RunTime:0.000758s ]
INFO: [ app_begin ] --START--
INFO: Run Behavior\ReadHtmlCacheBehavior [ RunTime:0.001118s ]
INFO: [ app_begin ] --END-- [ RunTime:0.001243s ]
INFO: [ view_parse ] --START--
INFO: [ template_filter ] --START--
INFO: Run Behavior\ContentReplaceBehavior [ RunTime:0.000786s ]
INFO: [ template_filter ] --END-- [ RunTime:0.001053s ]
INFO: Run Behavior\ParseTemplateBehavior [ RunTime:0.098473s ]
INFO: [ view_parse ] --END-- [ RunTime:0.098666s ]
INFO: [ view_filter ] --START--
INFO: Run Behavior\WriteHtmlCacheBehavior [ RunTime:0.001473s ]
INFO: [ view_filter ] --END-- [ RunTime:0.001645s ]
INFO: [ app_end ] --START--
INFO: Run Behavior\ShowPageTraceBehavior [ RunTime:0.011052s ]
INFO: [ app_end ] --END-- [ RunTime:0.011284s ]

